0 info it worked if it ends with ok
1 verbose cli [ '/usr/local/bin/node', '/usr/local/bin/npm', 'publish' ]
2 info using npm@3.10.10
3 info using node@v6.11.2
4 verbose publish [ '.' ]
5 silly cache add args [ '.', null ]
6 verbose cache add spec .
7 silly cache add parsed spec Result {
7 silly cache add   raw: '.',
7 silly cache add   scope: null,
7 silly cache add   escapedName: null,
7 silly cache add   name: null,
7 silly cache add   rawSpec: '.',
7 silly cache add   spec: '/Users/fan.liu/Desktop/node-excel',
7 silly cache add   type: 'directory' }
8 verbose addLocalDirectory /Users/fan.liu/.npm/node-excel/1.0.0/package.tgz not in flight; packing
9 verbose correctMkdir /Users/fan.liu/.npm correctMkdir not in flight; initializing
10 info lifecycle node-excel@1.0.0~prepublish: node-excel@1.0.0
11 silly lifecycle node-excel@1.0.0~prepublish: no script for prepublish, continuing
12 verbose tar pack [ '/Users/fan.liu/.npm/node-excel/1.0.0/package.tgz',
12 verbose tar pack   '/Users/fan.liu/Desktop/node-excel' ]
13 verbose tarball /Users/fan.liu/.npm/node-excel/1.0.0/package.tgz
14 verbose folder /Users/fan.liu/Desktop/node-excel
15 verbose addLocalTarball adding from inside cache /Users/fan.liu/.npm/node-excel/1.0.0/package.tgz
16 verbose correctMkdir /Users/fan.liu/.npm correctMkdir not in flight; initializing
17 silly cache afterAdd node-excel@1.0.0
18 verbose afterAdd /Users/fan.liu/.npm/node-excel/1.0.0/package/package.json not in flight; writing
19 verbose correctMkdir /Users/fan.liu/.npm correctMkdir not in flight; initializing
20 verbose afterAdd /Users/fan.liu/.npm/node-excel/1.0.0/package/package.json written
21 silly publish { name: 'node-excel',
21 silly publish   version: '1.0.0',
21 silly publish   description: 'provide funtions to hanlde Excel file with NodeJS',
21 silly publish   main: 'index.js',
21 silly publish   scripts: { test: 'node test.js' },
21 silly publish   repository:
21 silly publish    { type: 'git',
21 silly publish      url: 'git://github.com/liufanhhh/node-excel.git' },
21 silly publish   keywords: [ 'node', 'excel', 'xls', 'xlsx' ],
21 silly publish   author: { name: 'liufanhh' },
21 silly publish   license: 'MIT',
21 silly publish   bugs: { url: 'https://github.com/liufanhhh/node-excel/issues' },
21 silly publish   dependencies: { 'node-xlsx': '0.11.6' },
21 silly publish   homepage: 'https://github.com/liufanhhh/node-excel#readme',
21 silly publish   readme: 'ERROR: No README data found!',
21 silly publish   _id: 'node-excel@1.0.0',
21 silly publish   _shasum: '077727f4bac220865ba558f9575f7f03fa3cd9bd',
21 silly publish   _from: '.' }
22 verbose getPublishConfig undefined
23 silly mapToRegistry name node-excel
24 silly mapToRegistry using default registry
25 silly mapToRegistry registry https://registry.npmjs.org/
26 silly mapToRegistry data Result {
26 silly mapToRegistry   raw: 'node-excel',
26 silly mapToRegistry   scope: null,
26 silly mapToRegistry   escapedName: 'node-excel',
26 silly mapToRegistry   name: 'node-excel',
26 silly mapToRegistry   rawSpec: '',
26 silly mapToRegistry   spec: 'latest',
26 silly mapToRegistry   type: 'tag' }
27 silly mapToRegistry uri https://registry.npmjs.org/node-excel
28 verbose publish registryBase https://registry.npmjs.org/
29 silly publish uploading /Users/fan.liu/.npm/node-excel/1.0.0/package.tgz
30 verbose request uri https://registry.npmjs.org/node-excel
31 verbose request sending authorization for write operation
32 info attempt registry request try #1 at 2:15:00 PM
33 verbose request using bearer token for auth
34 verbose request id eb19bb81bbb604f5
35 http request PUT https://registry.npmjs.org/node-excel
36 http 403 https://registry.npmjs.org/node-excel
37 verbose headers { 'content-type': 'application/json',
37 verbose headers   'cache-control': 'max-age=300',
37 verbose headers   'content-length': '104',
37 verbose headers   'accept-ranges': 'bytes',
37 verbose headers   date: 'Wed, 18 Oct 2017 06:15:02 GMT',
37 verbose headers   via: '1.1 varnish',
37 verbose headers   connection: 'keep-alive',
37 verbose headers   'x-served-by': 'cache-nrt6133-NRT',
37 verbose headers   'x-cache': 'MISS',
37 verbose headers   'x-cache-hits': '0',
37 verbose headers   'x-timer': 'S1508307301.273297,VS0,VE1297',
37 verbose headers   vary: 'Accept-Encoding, Accept' }
38 verbose request invalidating /Users/fan.liu/.npm/registry.npmjs.org/node-excel on PUT
39 error publish Failed PUT 403
40 verbose stack Error: You do not have permission to publish "node-excel". Are you logged in as the correct user? : node-excel
40 verbose stack     at makeError (/usr/local/lib/node_modules/npm/node_modules/npm-registry-client/lib/request.js:302:12)
40 verbose stack     at CachingRegistryClient.<anonymous> (/usr/local/lib/node_modules/npm/node_modules/npm-registry-client/lib/request.js:290:14)
40 verbose stack     at Request._callback (/usr/local/lib/node_modules/npm/node_modules/npm-registry-client/lib/request.js:210:14)
40 verbose stack     at Request.self.callback (/usr/local/lib/node_modules/npm/node_modules/request/request.js:187:22)
40 verbose stack     at emitTwo (events.js:106:13)
40 verbose stack     at Request.emit (events.js:191:7)
40 verbose stack     at Request.<anonymous> (/usr/local/lib/node_modules/npm/node_modules/request/request.js:1048:10)
40 verbose stack     at emitOne (events.js:96:13)
40 verbose stack     at Request.emit (events.js:188:7)
40 verbose stack     at IncomingMessage.<anonymous> (/usr/local/lib/node_modules/npm/node_modules/request/request.js:969:12)
41 verbose statusCode 403
42 verbose pkgid node-excel
43 verbose cwd /Users/fan.liu/Desktop/node-excel
44 error Darwin 16.7.0
45 error argv "/usr/local/bin/node" "/usr/local/bin/npm" "publish"
46 error node v6.11.2
47 error npm  v3.10.10
48 error code E403
49 error You do not have permission to publish "node-excel". Are you logged in as the correct user? : node-excel
50 error If you need help, you may report this error at:
50 error     <https://github.com/npm/npm/issues>
51 verbose exit [ 1, true ]
